Arguments: 
  D:\CS\Nodejs\node.exe D:\CS\yarn\bin\yarn.js add app1.css

PATH: 
  D:\CS\cmder\vendor\git-for-windows\mingw64\bin;D:\CS\cmder\vendor\git-for-windows\usr\bin;C:\Users\ASUS\bin;C:\Program Files (x86)\Intel\iCLS Client;C:\Program Files\Intel\iCLS Client;C:\Windows\system32;C:\Windows;C:\Windows\System32\Wbem;C:\Windows\System32\WindowsPowerShell\v1.0;C:\Program Files (x86)\Intel\Intel(R) Management Engine Components\DAL;C:\Program Files\Intel\Intel(R) Management Engine Components\DAL;C:\Program Files (x86)\Intel\Intel(R) Management Engine Components\IPT;C:\Program Files\Intel\Intel(R) Management Engine Components\IPT;C:\WINDOWS\system32;C:\WINDOWS;C:\WINDOWS\System32\Wbem;C:\WINDOWS\System32\WindowsPowerShell\v1.0;C:\WINDOWS\System32\OpenSSH;D:\CS\Nodejs;D:\CS\yarn\bin;C:\Users\ASUS\AppData\Local\Microsoft\WindowsApps;C:\Users\ASUS\AppData\Roaming\npm;C:\Users\ASUS\AppData\Local\Yarn\bin;D:\CS\Microsoft VS Code\bin;D:\CS\hugo

Yarn version: 
  1.22.4

Node version: 
  12.16.2

Platform: 
  win32 x64

Trace: 
  Error: https://registry.npm.taobao.org/app1.css: Not found
      at Request.params.callback [as _callback] (D:\CS\yarn\lib\cli.js:66096:18)
      at Request.self.callback (D:\CS\yarn\lib\cli.js:140748:22)
      at Request.emit (events.js:310:20)
      at Request.<anonymous> (D:\CS\yarn\lib\cli.js:141720:10)
      at Request.emit (events.js:310:20)
      at IncomingMessage.<anonymous> (D:\CS\yarn\lib\cli.js:141642:12)
      at Object.onceWrapper (events.js:416:28)
      at IncomingMessage.emit (events.js:322:22)
      at endReadableNT (_stream_readable.js:1187:12)
      at processTicksAndRejections (internal/process/task_queues.js:84:21)

npm manifest: 
  {
    "name": "mvc-demo-1",
    "version": "1.0.0",
    "main": "index.js",
    "license": "MIT",
    "dependencies": {
      "jquery": "^3.5.1",
      "reset.css": "^2.0.2"
    }
  }

yarn manifest: 
  No manifest

Lockfile: 
  # THIS IS AN AUTOGENERATED FILE. DO NOT EDIT THIS FILE DIRECTLY.
  # yarn lockfile v1
  
  
  jquery@^3.5.1:
    version "3.5.1"
    resolved "https://registry.npm.taobao.org/jquery/download/jquery-3.5.1.tgz?cache=0&sync_timestamp=1588633811418&other_urls=https%3A%2F%2Fregistry.npm.taobao.org%2Fjquery%2Fdownload%2Fjquery-3.5.1.tgz#d7b4d08e1bfdb86ad2f1a3d039ea17304717abb5"
    integrity sha1-17TQjhv9uGrS8aPQOeoXMEcXq7U=
  
  reset.css@^2.0.2:
    version "2.0.2"
    resolved "https://registry.npm.taobao.org/reset.css/download/reset.css-2.0.2.tgz#9c01309c820b72e8f219ebcc8e1411949604f7d7"
    integrity sha1-nAEwnIILcujyGevMjhQRlJYE99c=
